2020-09-16 09:11:59.057  INFO 2692 --- [main] org.alex.platform.PlatformApplication    : Starting PlatformApplication on DESKTOP-F0JRBO4 with PID 2692 (C:\Users\beix\IdeaProjects\platform\target\classes started by beix in C:\Users\beix\IdeaProjects\platform)
2020-09-16 09:11:59.064  INFO 2692 --- [main] org.alex.platform.PlatformApplication    : No active profile set, falling back to default profiles: default
2020-09-16 09:11:59.832  INFO 2692 --- [main] .s.d.r.c.RepositoryConfigurationDelegate : Multiple Spring Data modules found, entering strict repository configuration mode!
2020-09-16 09:11:59.834  INFO 2692 --- [main] .s.d.r.c.RepositoryConfigurationDelegate : Bootstrapping Spring Data Redis repositories in DEFAULT mode.
2020-09-16 09:11:59.873  INFO 2692 --- [main] .s.d.r.c.RepositoryConfigurationDelegate : Finished Spring Data repository scanning in 24ms. Found 0 Redis repository interfaces.
2020-09-16 09:12:00.315  INFO 2692 --- [main] o.s.b.w.embedded.tomcat.TomcatWebServer  : Tomcat initialized with port(s): 7777 (http)
2020-09-16 09:12:00.323  INFO 2692 --- [main] o.apache.catalina.core.StandardService   : Starting service [Tomcat]
2020-09-16 09:12:00.323  INFO 2692 --- [main] org.apache.catalina.core.StandardEngine  : Starting Servlet engine: [Apache Tomcat/9.0.33]
2020-09-16 09:12:00.416  INFO 2692 --- [main] o.a.c.c.C.[Tomcat].[localhost].[/]       : Initializing Spring embedded WebApplicationContext
2020-09-16 09:12:00.417  INFO 2692 --- [main] o.s.web.context.ContextLoader            : Root WebApplicationContext: initialization completed in 1293 ms
2020-09-16 09:12:00.561  INFO 2692 --- [main] c.a.d.s.b.a.DruidDataSourceAutoConfigure : Init DruidDataSource
2020-09-16 09:12:00.673  INFO 2692 --- [main] com.alibaba.druid.pool.DruidDataSource   : {dataSource-1} inited
2020-09-16 09:12:01.468  INFO 2692 --- [main] o.s.s.concurrent.ThreadPoolTaskExecutor  : Initializing ExecutorService 'applicationTaskExecutor'
2020-09-16 09:12:01.920  INFO 2692 --- [main] o.s.b.w.embedded.tomcat.TomcatWebServer  : Tomcat started on port(s): 7777 (http) with context path ''
2020-09-16 09:12:01.922  INFO 2692 --- [main] org.alex.platform.PlatformApplication    : Started PlatformApplication in 3.359 seconds (JVM running for 4.354)
2020-09-16 09:12:52.472  INFO 2692 --- [http-nio-7777-exec-2] o.a.c.c.C.[Tomcat].[localhost].[/]       : Initializing Spring DispatcherServlet 'dispatcherServlet'
2020-09-16 09:12:52.473  INFO 2692 --- [http-nio-7777-exec-2] o.s.web.servlet.DispatcherServlet        : Initializing Servlet 'dispatcherServlet'
2020-09-16 09:12:52.478  INFO 2692 --- [http-nio-7777-exec-2] o.s.web.servlet.DispatcherServlet        : Completed initialization in 5 ms
2020-09-16 09:13:34.955  INFO 2540 --- [main] org.alex.platform.PlatformApplication    : Starting PlatformApplication on DESKTOP-F0JRBO4 with PID 2540 (C:\Users\beix\IdeaProjects\platform\target\classes started by beix in C:\Users\beix\IdeaProjects\platform)
2020-09-16 09:13:34.957  INFO 2540 --- [main] org.alex.platform.PlatformApplication    : No active profile set, falling back to default profiles: default
2020-09-16 09:13:35.527  INFO 2540 --- [main] .s.d.r.c.RepositoryConfigurationDelegate : Multiple Spring Data modules found, entering strict repository configuration mode!
2020-09-16 09:13:35.528  INFO 2540 --- [main] .s.d.r.c.RepositoryConfigurationDelegate : Bootstrapping Spring Data Redis repositories in DEFAULT mode.
2020-09-16 09:13:35.559  INFO 2540 --- [main] .s.d.r.c.RepositoryConfigurationDelegate : Finished Spring Data repository scanning in 21ms. Found 0 Redis repository interfaces.
2020-09-16 09:13:35.878  INFO 2540 --- [main] o.s.b.w.embedded.tomcat.TomcatWebServer  : Tomcat initialized with port(s): 7777 (http)
2020-09-16 09:13:35.885  INFO 2540 --- [main] o.apache.catalina.core.StandardService   : Starting service [Tomcat]
2020-09-16 09:13:35.885  INFO 2540 --- [main] org.apache.catalina.core.StandardEngine  : Starting Servlet engine: [Apache Tomcat/9.0.33]
2020-09-16 09:13:35.953  INFO 2540 --- [main] o.a.c.c.C.[Tomcat].[localhost].[/]       : Initializing Spring embedded WebApplicationContext
2020-09-16 09:13:35.953  INFO 2540 --- [main] o.s.web.context.ContextLoader            : Root WebApplicationContext: initialization completed in 965 ms
2020-09-16 09:13:36.047  INFO 2540 --- [main] c.a.d.s.b.a.DruidDataSourceAutoConfigure : Init DruidDataSource
2020-09-16 09:13:36.124  INFO 2540 --- [main] com.alibaba.druid.pool.DruidDataSource   : {dataSource-1} inited
2020-09-16 09:13:36.489  INFO 2540 --- [main] o.s.s.concurrent.ThreadPoolTaskExecutor  : Initializing ExecutorService 'applicationTaskExecutor'
2020-09-16 09:13:36.830  INFO 2540 --- [main] o.s.b.w.embedded.tomcat.TomcatWebServer  : Tomcat started on port(s): 7777 (http) with context path ''
2020-09-16 09:13:36.832  INFO 2540 --- [main] org.alex.platform.PlatformApplication    : Started PlatformApplication in 2.146 seconds (JVM running for 2.59)
2020-09-16 09:13:42.276  INFO 2540 --- [http-nio-7777-exec-1] o.a.c.c.C.[Tomcat].[localhost].[/]       : Initializing Spring DispatcherServlet 'dispatcherServlet'
2020-09-16 09:13:42.277  INFO 2540 --- [http-nio-7777-exec-1] o.s.web.servlet.DispatcherServlet        : Initializing Servlet 'dispatcherServlet'
2020-09-16 09:13:42.282  INFO 2540 --- [http-nio-7777-exec-1] o.s.web.servlet.DispatcherServlet        : Completed initialization in 5 ms
